# JRE version: OpenJDK Runtime Environment (17.0.10) (build 17.0.10+0--11572160)
# Java VM: OpenJDK 64-Bit Server VM (17.0.10+0--11572160, mixed mode, tiered, compressed oops, compressed class ptrs, g1 gc, windows-amd64)
GC Precious Log:
 CPUs: 8 total, 8 available
 Memory: 15998M
 Large Page Support: Disabled
 NUMA Support: Disabled
 Compressed Oops: Enabled (Zero based)
 Heap Region Size: 4M
 Heap Min Capacity: 8M
 Heap Initial Capacity: 252M
 Heap Max Capacity: 8G
 Pre-touch: Disabled
 Parallel Workers: 8
 Concurrent Workers: 2
 Concurrent Refinement Workers: 8
 Periodic GC: Disabled
Heap:
 garbage-first heap   total 233472K, used 152164K [0x0000000600000000, 0x0000000800000000)
  region size 4096K, 12 young (49152K), 1 survivors (4096K)
 Metaspace       used 107227K, committed 108032K, reserved 1179648K
  class space    used 15051K, committed 15424K, reserved 1048576K
GC Heap History (20 events):
Event: 21.518 GC heap before
{Heap before GC invocations=30 (full 0):
 garbage-first heap   total 159744K, used 106862K [0x0000000600000000, 0x0000000800000000)
  region size 4096K, 8 young (32768K), 2 survivors (8192K)
 Metaspace       used 80431K, committed 81152K, reserved 1179648K
  class space    used 11318K, committed 11712K, reserved 1048576K
}
Event: 21.523 GC heap after
{Heap after GC invocations=31 (full 0):
 garbage-first heap   total 159744K, used 93793K [0x0000000600000000, 0x0000000800000000)
  region size 4096K, 1 young (4096K), 1 survivors (4096K)
 Metaspace       used 80431K, committed 81152K, reserved 1179648K
  class space    used 11318K, committed 11712K, reserved 1048576K
}
Event: 22.177 GC heap before
{Heap before GC invocations=31 (full 0):
 garbage-first heap   total 159744K, used 118369K [0x0000000600000000, 0x0000000800000000)
  region size 4096K, 8 young (32768K), 1 survivors (4096K)
 Metaspace       used 82589K, committed 83392K, reserved 1179648K
  class space    used 11573K, committed 11968K, reserved 1048576K
}
Event: 22.180 GC heap after
{Heap after GC invocations=32 (full 0):
 garbage-first heap   total 159744K, used 94773K [0x0000000600000000, 0x0000000800000000)
  region size 4096K, 1 young (4096K), 1 survivors (4096K)
 Metaspace       used 82589K, committed 83392K, reserved 1179648K
  class space    used 11573K, committed 11968K, reserved 1048576K
}
Event: 22.828 GC heap before
{Heap before GC invocations=33 (full 0):
 garbage-first heap   total 180224K, used 123445K [0x0000000600000000, 0x0000000800000000)
  region size 4096K, 8 young (32768K), 1 survivors (4096K)
 Metaspace       used 85310K, committed 86016K, reserved 1179648K
  class space    used 11882K, committed 12224K, reserved 1048576K
}
Event: 22.831 GC heap after
{Heap after GC invocations=34 (full 0):
 garbage-first heap   total 180224K, used 95890K [0x0000000600000000, 0x0000000800000000)
  region size 4096K, 1 young (4096K), 1 survivors (4096K)
 Metaspace       used 85310K, committed 86016K, reserved 1179648K
  class space    used 11882K, committed 12224K, reserved 1048576K
}
Event: 23.526 GC heap before
{Heap before GC invocations=34 (full 0):
 garbage-first heap   total 180224K, used 136850K [0x0000000600000000, 0x0000000800000000)
  region size 4096K, 12 young (49152K), 1 survivors (4096K)
 Metaspace       used 88507K, committed 89216K, reserved 1179648K
  class space    used 12281K, committed 12608K, reserved 1048576K
}
Event: 23.534 GC heap after
{Heap after GC invocations=35 (full 0):
 garbage-first heap   total 180224K, used 100869K [0x0000000600000000, 0x0000000800000000)
  region size 4096K, 2 young (8192K), 2 survivors (8192K)
 Metaspace       used 88507K, committed 89216K, reserved 1179648K
  class space    used 12281K, committed 12608K, reserved 1048576K
}
Event: 24.485 GC heap before
{Heap before GC invocations=36 (full 0):
 garbage-first heap   total 184320K, used 141829K [0x0000000600000000, 0x0000000800000000)
  region size 4096K, 12 young (49152K), 2 survivors (8192K)
 Metaspace       used 91584K, committed 92288K, reserved 1179648K
  class space    used 12705K, committed 13056K, reserved 1048576K
}
Event: 24.490 GC heap after
{Heap after GC invocations=37 (full 0):
 garbage-first heap   total 184320K, used 103385K [0x0000000600000000, 0x0000000800000000)
  region size 4096K, 1 young (4096K), 1 survivors (4096K)
 Metaspace       used 91584K, committed 92288K, reserved 1179648K
  class space    used 12705K, committed 13056K, reserved 1048576K
}
Event: 25.556 GC heap before
{Heap before GC invocations=37 (full 0):
 garbage-first heap   total 184320K, used 144345K [0x0000000600000000, 0x0000000800000000)
  region size 4096K, 11 young (45056K), 1 survivors (4096K)
 Metaspace       used 94753K, committed 95488K, reserved 1179648K
  class space    used 13158K, committed 13504K, reserved 1048576K
}
Event: 25.560 GC heap after
{Heap after GC invocations=38 (full 0):
 garbage-first heap   total 184320K, used 104320K [0x0000000600000000, 0x0000000800000000)
  region size 4096K, 1 young (4096K), 1 survivors (4096K)
 Metaspace       used 94753K, committed 95488K, reserved 1179648K
  class space    used 13158K, committed 13504K, reserved 1048576K
}
Event: 26.504 GC heap before
{Heap before GC invocations=39 (full 0):
 garbage-first heap   total 192512K, used 149376K [0x0000000600000000, 0x0000000800000000)
  region size 4096K, 12 young (49152K), 1 survivors (4096K)
 Metaspace       used 95454K, committed 96192K, reserved 1179648K
  class space    used 13247K, committed 13632K, reserved 1048576K
}
Event: 26.514 GC heap after
{Heap after GC invocations=40 (full 0):
 garbage-first heap   total 192512K, used 109208K [0x0000000600000000, 0x0000000800000000)
  region size 4096K, 2 young (8192K), 2 survivors (8192K)
 Metaspace       used 95454K, committed 96192K, reserved 1179648K
  class space    used 13247K, committed 13632K, reserved 1048576K
}
Event: 27.383 GC heap before
{Heap before GC invocations=40 (full 0):
 garbage-first heap   total 192512K, used 154264K [0x0000000600000000, 0x0000000800000000)
  region size 4096K, 13 young (53248K), 2 survivors (8192K)
 Metaspace       used 98694K, committed 99456K, reserved 1179648K
  class space    used 13696K, committed 14080K, reserved 1048576K
}
Event: 27.440 GC heap after
{Heap after GC invocations=41 (full 0):
 garbage-first heap   total 233472K, used 112110K [0x0000000600000000, 0x0000000800000000)
  region size 4096K, 1 young (4096K), 1 survivors (4096K)
 Metaspace       used 98694K, committed 99456K, reserved 1179648K
  class space    used 13696K, committed 14080K, reserved 1048576K
}
Event: 29.550 GC heap before
{Heap before GC invocations=42 (full 0):
 garbage-first heap   total 233472K, used 185838K [0x0000000600000000, 0x0000000800000000)
  region size 4096K, 19 young (77824K), 1 survivors (4096K)
 Metaspace       used 104337K, committed 105024K, reserved 1179648K
  class space    used 14645K, committed 14976K, reserved 1048576K
}
Event: 29.558 GC heap after
{Heap after GC invocations=43 (full 0):
 garbage-first heap   total 233472K, used 112907K [0x0000000600000000, 0x0000000800000000)
  region size 4096K, 2 young (8192K), 2 survivors (8192K)
 Metaspace       used 104337K, committed 105024K, reserved 1179648K
  class space    used 14645K, committed 14976K, reserved 1048576K
}
Event: 29.636 GC heap before
{Heap before GC invocations=43 (full 0):
 garbage-first heap   total 233472K, used 117003K [0x0000000600000000, 0x0000000800000000)
  region size 4096K, 3 young (12288K), 2 survivors (8192K)
 Metaspace       used 104396K, committed 105088K, reserved 1179648K
  class space    used 14646K, committed 14976K, reserved 1048576K
}
Event: 29.644 GC heap after
{Heap after GC invocations=44 (full 0):
 garbage-first heap   total 233472K, used 111204K [0x0000000600000000, 0x0000000800000000)
  region size 4096K, 1 young (4096K), 1 survivors (4096K)
 Metaspace       used 104396K, committed 105088K, reserved 1179648K
  class space    used 14646K, committed 14976K, reserved 1048576K
}

