# JRE version: OpenJDK Runtime Environment (17.0.10) (build 17.0.10+0--11572160)
# Java VM: OpenJDK 64-Bit Server VM (17.0.10+0--11572160, mixed mode, tiered, compressed oops, compressed class ptrs, g1 gc, windows-amd64)
GC Precious Log:
 CPUs: 8 total, 8 available
 Memory: 15998M
 Large Page Support: Disabled
 NUMA Support: Disabled
 Compressed Oops: Enabled (Zero based)
 Heap Region Size: 2M
 Heap Min Capacity: 8M
 Heap Initial Capacity: 250M
 Heap Max Capacity: 4000M
 Pre-touch: Disabled
 Parallel Workers: 8
 Concurrent Workers: 2
 Concurrent Refinement Workers: 8
 Periodic GC: Disabled
Heap:
 garbage-first heap   total 149504K, used 57559K [0x0000000706000000, 0x0000000800000000)
  region size 2048K, 21 young (43008K), 1 survivors (2048K)
 Metaspace       used 48591K, committed 48832K, reserved 1114112K
  class space    used 5785K, committed 5888K, reserved 1048576K
GC Heap History (18 events):
Event: 1.251 GC heap before
{Heap before GC invocations=0 (full 0):
 garbage-first heap   total 256000K, used 24576K [0x0000000706000000, 0x0000000800000000)
  region size 2048K, 11 young (22528K), 0 survivors (0K)
 Metaspace       used 13166K, committed 13312K, reserved 1114112K
  class space    used 1220K, committed 1280K, reserved 1048576K
}
Event: 1.254 GC heap after
{Heap after GC invocations=1 (full 0):
 garbage-first heap   total 256000K, used 6826K [0x0000000706000000, 0x0000000800000000)
  region size 2048K, 2 young (4096K), 2 survivors (4096K)
 Metaspace       used 13166K, committed 13312K, reserved 1114112K
  class space    used 1220K, committed 1280K, reserved 1048576K
}
Event: 2.052 GC heap before
{Heap before GC invocations=1 (full 0):
 garbage-first heap   total 256000K, used 31402K [0x0000000706000000, 0x0000000800000000)
  region size 2048K, 16 young (32768K), 2 survivors (4096K)
 Metaspace       used 21270K, committed 21504K, reserved 1114112K
  class space    used 2238K, committed 2368K, reserved 1048576K
}
Event: 2.058 GC heap after
{Heap after GC invocations=2 (full 0):
 garbage-first heap   total 256000K, used 8413K [0x0000000706000000, 0x0000000800000000)
  region size 2048K, 3 young (6144K), 3 survivors (6144K)
 Metaspace       used 21270K, committed 21504K, reserved 1114112K
  class space    used 2238K, committed 2368K, reserved 1048576K
}
Event: 2.804 GC heap before
{Heap before GC invocations=3 (full 0):
 garbage-first heap   total 40960K, used 28893K [0x0000000706000000, 0x0000000800000000)
  region size 2048K, 14 young (28672K), 3 survivors (6144K)
 Metaspace       used 24325K, committed 24512K, reserved 1114112K
  class space    used 2637K, committed 2688K, reserved 1048576K
}
Event: 2.819 GC heap after
{Heap after GC invocations=4 (full 0):
 garbage-first heap   total 43008K, used 13992K [0x0000000706000000, 0x0000000800000000)
  region size 2048K, 5 young (10240K), 5 survivors (10240K)
 Metaspace       used 24325K, committed 24512K, reserved 1114112K
  class space    used 2637K, committed 2688K, reserved 1048576K
}
Event: 3.177 GC heap before
{Heap before GC invocations=4 (full 0):
 garbage-first heap   total 43008K, used 24232K [0x0000000706000000, 0x0000000800000000)
  region size 2048K, 11 young (22528K), 5 survivors (10240K)
 Metaspace       used 27637K, committed 27904K, reserved 1114112K
  class space    used 3009K, committed 3136K, reserved 1048576K
}
Event: 3.189 GC heap after
{Heap after GC invocations=5 (full 0):
 garbage-first heap   total 43008K, used 15479K [0x0000000706000000, 0x0000000800000000)
  region size 2048K, 1 young (2048K), 1 survivors (2048K)
 Metaspace       used 27637K, committed 27904K, reserved 1114112K
  class space    used 3009K, committed 3136K, reserved 1048576K
}
Event: 3.578 GC heap before
{Heap before GC invocations=5 (full 0):
 garbage-first heap   total 43008K, used 27767K [0x0000000706000000, 0x0000000800000000)
  region size 2048K, 7 young (14336K), 1 survivors (2048K)
 Metaspace       used 31612K, committed 31872K, reserved 1114112K
  class space    used 3953K, committed 4096K, reserved 1048576K
}
Event: 3.581 GC heap after
{Heap after GC invocations=6 (full 0):
 garbage-first heap   total 43008K, used 15590K [0x0000000706000000, 0x0000000800000000)
  region size 2048K, 1 young (2048K), 1 survivors (2048K)
 Metaspace       used 31612K, committed 31872K, reserved 1114112K
  class space    used 3953K, committed 4096K, reserved 1048576K
}
Event: 3.853 GC heap before
{Heap before GC invocations=6 (full 0):
 garbage-first heap   total 43008K, used 27878K [0x0000000706000000, 0x0000000800000000)
  region size 2048K, 8 young (16384K), 1 survivors (2048K)
 Metaspace       used 34013K, committed 34304K, reserved 1114112K
  class space    used 4216K, committed 4352K, reserved 1048576K
}
Event: 3.859 GC heap after
{Heap after GC invocations=7 (full 0):
 garbage-first heap   total 43008K, used 17540K [0x0000000706000000, 0x0000000800000000)
  region size 2048K, 1 young (2048K), 1 survivors (2048K)
 Metaspace       used 34013K, committed 34304K, reserved 1114112K
  class space    used 4216K, committed 4352K, reserved 1048576K
}
Event: 4.031 GC heap before
{Heap before GC invocations=7 (full 0):
 garbage-first heap   total 43008K, used 25732K [0x0000000706000000, 0x0000000800000000)
  region size 2048K, 6 young (12288K), 1 survivors (2048K)
 Metaspace       used 35856K, committed 36096K, reserved 1114112K
  class space    used 4407K, committed 4544K, reserved 1048576K
}
Event: 4.041 GC heap after
{Heap after GC invocations=8 (full 0):
 garbage-first heap   total 43008K, used 18064K [0x0000000706000000, 0x0000000800000000)
  region size 2048K, 1 young (2048K), 1 survivors (2048K)
 Metaspace       used 35856K, committed 36096K, reserved 1114112K
  class space    used 4407K, committed 4544K, reserved 1048576K
}
Event: 4.579 GC heap before
{Heap before GC invocations=9 (full 0):
 garbage-first heap   total 43008K, used 26256K [0x0000000706000000, 0x0000000800000000)
  region size 2048K, 6 young (12288K), 1 survivors (2048K)
 Metaspace       used 38693K, committed 38912K, reserved 1114112K
  class space    used 4696K, committed 4800K, reserved 1048576K
}
Event: 4.585 GC heap after
{Heap after GC invocations=10 (full 0):
 garbage-first heap   total 43008K, used 18846K [0x0000000706000000, 0x0000000800000000)
  region size 2048K, 1 young (2048K), 1 survivors (2048K)
 Metaspace       used 38693K, committed 38912K, reserved 1114112K
  class space    used 4696K, committed 4800K, reserved 1048576K
}
Event: 4.644 GC heap before
{Heap before GC invocations=10 (full 0):
 garbage-first heap   total 43008K, used 18846K [0x0000000706000000, 0x0000000800000000)
  region size 2048K, 2 young (4096K), 1 survivors (2048K)
 Metaspace       used 39237K, committed 39488K, reserved 1114112K
  class space    used 4756K, committed 4864K, reserved 1048576K
}
Event: 4.649 GC heap after
{Heap after GC invocations=11 (full 0):
 garbage-first heap   total 149504K, used 18647K [0x0000000706000000, 0x0000000800000000)
  region size 2048K, 1 young (2048K), 1 survivors (2048K)
 Metaspace       used 39237K, committed 39488K, reserved 1114112K
  class space    used 4756K, committed 4864K, reserved 1048576K
}

