# JRE version: OpenJDK Runtime Environment (17.0.10) (build 17.0.10+0--11572160)
# Java VM: OpenJDK 64-Bit Server VM (17.0.10+0--11572160, mixed mode, tiered, compressed oops, compressed class ptrs, g1 gc, windows-amd64)
GC Precious Log:
 CPUs: 8 total, 8 available
 Memory: 15998M
 Large Page Support: Disabled
 NUMA Support: Disabled
 Compressed Oops: Enabled (Zero based)
 Heap Region Size: 4M
 Heap Min Capacity: 8M
 Heap Initial Capacity: 252M
 Heap Max Capacity: 8G
 Pre-touch: Disabled
 Parallel Workers: 8
 Concurrent Workers: 2
 Concurrent Refinement Workers: 8
 Periodic GC: Disabled
Heap:
 garbage-first heap   total 1085440K, used 703900K [0x0000000600000000, 0x0000000800000000)
  region size 4096K, 109 young (446464K), 13 survivors (53248K)
 Metaspace       used 209466K, committed 210688K, reserved 1245184K
  class space    used 27072K, committed 27648K, reserved 1048576K
GC Heap History (20 events):
Event: 66.205 GC heap before
{Heap before GC invocations=63 (full 0):
 garbage-first heap   total 1085440K, used 838198K [0x0000000600000000, 0x0000000800000000)
  region size 4096K, 159 young (651264K), 5 survivors (20480K)
 Metaspace       used 181300K, committed 182336K, reserved 1245184K
  class space    used 24141K, committed 24640K, reserved 1048576K
}
Event: 66.255 GC heap after
{Heap after GC invocations=64 (full 0):
 garbage-first heap   total 1085440K, used 230572K [0x0000000600000000, 0x0000000800000000)
  region size 4096K, 10 young (40960K), 10 survivors (40960K)
 Metaspace       used 181300K, committed 182336K, reserved 1245184K
  class space    used 24141K, committed 24640K, reserved 1048576K
}
Event: 70.170 GC heap before
{Heap before GC invocations=64 (full 0):
 garbage-first heap   total 1085440K, used 840876K [0x0000000600000000, 0x0000000800000000)
  region size 4096K, 159 young (651264K), 10 survivors (40960K)
 Metaspace       used 181404K, committed 182400K, reserved 1245184K
  class space    used 24141K, committed 24640K, reserved 1048576K
}
Event: 70.225 GC heap after
{Heap after GC invocations=65 (full 0):
 garbage-first heap   total 1085440K, used 237775K [0x0000000600000000, 0x0000000800000000)
  region size 4096K, 12 young (49152K), 12 survivors (49152K)
 Metaspace       used 181404K, committed 182400K, reserved 1245184K
  class space    used 24141K, committed 24640K, reserved 1048576K
}
Event: 71.939 GC heap before
{Heap before GC invocations=65 (full 0):
 garbage-first heap   total 1085440K, used 835791K [0x0000000600000000, 0x0000000800000000)
  region size 4096K, 159 young (651264K), 12 survivors (49152K)
 Metaspace       used 181407K, committed 182400K, reserved 1245184K
  class space    used 24141K, committed 24640K, reserved 1048576K
}
Event: 71.981 GC heap after
{Heap after GC invocations=66 (full 0):
 garbage-first heap   total 1085440K, used 241746K [0x0000000600000000, 0x0000000800000000)
  region size 4096K, 12 young (49152K), 12 survivors (49152K)
 Metaspace       used 181407K, committed 182400K, reserved 1245184K
  class space    used 24141K, committed 24640K, reserved 1048576K
}
Event: 93.233 GC heap before
{Heap before GC invocations=66 (full 0):
 garbage-first heap   total 1085440K, used 839762K [0x0000000600000000, 0x0000000800000000)
  region size 4096K, 159 young (651264K), 12 survivors (49152K)
 Metaspace       used 188593K, committed 189696K, reserved 1245184K
  class space    used 24901K, committed 25408K, reserved 1048576K
}
Event: 93.262 GC heap after
{Heap after GC invocations=67 (full 0):
 garbage-first heap   total 1085440K, used 259329K [0x0000000600000000, 0x0000000800000000)
  region size 4096K, 13 young (53248K), 13 survivors (53248K)
 Metaspace       used 188593K, committed 189696K, reserved 1245184K
  class space    used 24901K, committed 25408K, reserved 1048576K
}
Event: 97.085 GC heap before
{Heap before GC invocations=67 (full 0):
 garbage-first heap   total 1085440K, used 853249K [0x0000000600000000, 0x0000000800000000)
  region size 4096K, 159 young (651264K), 13 survivors (53248K)
 Metaspace       used 188635K, committed 189696K, reserved 1245184K
  class space    used 24902K, committed 25408K, reserved 1048576K
}
Event: 97.158 GC heap after
{Heap after GC invocations=68 (full 0):
 garbage-first heap   total 1085440K, used 284797K [0x0000000600000000, 0x0000000800000000)
  region size 4096K, 16 young (65536K), 16 survivors (65536K)
 Metaspace       used 188635K, committed 189696K, reserved 1245184K
  class space    used 24902K, committed 25408K, reserved 1048576K
}
Event: 100.106 GC heap before
{Heap before GC invocations=68 (full 0):
 garbage-first heap   total 1085440K, used 866429K [0x0000000600000000, 0x0000000800000000)
  region size 4096K, 159 young (651264K), 16 survivors (65536K)
 Metaspace       used 188645K, committed 189696K, reserved 1245184K
  class space    used 24902K, committed 25408K, reserved 1048576K
}
Event: 100.168 GC heap after
{Heap after GC invocations=69 (full 0):
 garbage-first heap   total 1085440K, used 289595K [0x0000000600000000, 0x0000000800000000)
  region size 4096K, 10 young (40960K), 10 survivors (40960K)
 Metaspace       used 188645K, committed 189696K, reserved 1245184K
  class space    used 24902K, committed 25408K, reserved 1048576K
}
Event: 101.869 GC heap before
{Heap before GC invocations=69 (full 0):
 garbage-first heap   total 1085440K, used 899899K [0x0000000600000000, 0x0000000800000000)
  region size 4096K, 159 young (651264K), 10 survivors (40960K)
 Metaspace       used 188649K, committed 189696K, reserved 1245184K
  class space    used 24904K, committed 25408K, reserved 1048576K
}
Event: 101.901 GC heap after
{Heap after GC invocations=70 (full 0):
 garbage-first heap   total 1085440K, used 290563K [0x0000000600000000, 0x0000000800000000)
  region size 4096K, 11 young (45056K), 11 survivors (45056K)
 Metaspace       used 188649K, committed 189696K, reserved 1245184K
  class space    used 24904K, committed 25408K, reserved 1048576K
}
Event: 106.769 GC heap before
{Heap before GC invocations=70 (full 0):
 garbage-first heap   total 1085440K, used 892675K [0x0000000600000000, 0x0000000800000000)
  region size 4096K, 159 young (651264K), 11 survivors (45056K)
 Metaspace       used 192842K, committed 193920K, reserved 1245184K
  class space    used 25312K, committed 25792K, reserved 1048576K
}
Event: 106.809 GC heap after
{Heap after GC invocations=71 (full 0):
 garbage-first heap   total 1085440K, used 288254K [0x0000000600000000, 0x0000000800000000)
  region size 4096K, 10 young (40960K), 10 survivors (40960K)
 Metaspace       used 192842K, committed 193920K, reserved 1245184K
  class space    used 25312K, committed 25792K, reserved 1048576K
}
Event: 112.635 GC heap before
{Heap before GC invocations=71 (full 0):
 garbage-first heap   total 1085440K, used 910846K [0x0000000600000000, 0x0000000800000000)
  region size 4096K, 159 young (651264K), 10 survivors (40960K)
 Metaspace       used 195610K, committed 196736K, reserved 1245184K
  class space    used 25472K, committed 25984K, reserved 1048576K
}
Event: 112.676 GC heap after
{Heap after GC invocations=72 (full 0):
 garbage-first heap   total 1085440K, used 305979K [0x0000000600000000, 0x0000000800000000)
  region size 4096K, 14 young (57344K), 14 survivors (57344K)
 Metaspace       used 195610K, committed 196736K, reserved 1245184K
  class space    used 25472K, committed 25984K, reserved 1048576K
}
Event: 121.194 GC heap before
{Heap before GC invocations=72 (full 0):
 garbage-first heap   total 1085440K, used 895803K [0x0000000600000000, 0x0000000800000000)
  region size 4096K, 159 young (651264K), 14 survivors (57344K)
 Metaspace       used 204431K, committed 205568K, reserved 1245184K
  class space    used 26623K, committed 27200K, reserved 1048576K
}
Event: 121.260 GC heap after
{Heap after GC invocations=73 (full 0):
 garbage-first heap   total 1085440K, used 318876K [0x0000000600000000, 0x0000000800000000)
  region size 4096K, 13 young (53248K), 13 survivors (53248K)
 Metaspace       used 204431K, committed 205568K, reserved 1245184K
  class space    used 26623K, committed 27200K, reserved 1048576K
}

